C51 COMPILER V9.52.0.0   KEYPHOTO                                                          04/05/2022 19:41:07 PAGE 1   


C51 COMPILER V9.52.0.0, COMPILATION OF MODULE KEYPHOTO
OBJECT MODULE PLACED IN keyphoto.OBJ
COMPILER INVOKED BY: d:\Keil\C51\BIN\C51.EXE keyphoto.c BROWSE DEBUG OBJECTEXTEND TABS(2)

line level    source

   1           #include <stdio.h>
   2          
   3          #include "c8051f020.h"
   4          #include "lcd.h"
   5          //#include "led.h"
   6          #include "1.h"
   7          #include "2.h"
   8          #include "3.h"
   9          #define SYSCLK    11059200
  10          
  11          #define TIMER_PRESCALER            12  // Based on Timer CKCON settings
  12          
  13          #define LED_TOGGLE_RATE            100 // LED toggle rate in milliseconds    1ms
  14                                                 // if LED_TOGGLE_RATE = 1, the LED will
  15                                                 // be on for 1 millisecond and off for
  16                                                 // 1 millisecond
  17          
  18          // There are SYSCLK/TIMER_PRESCALER timer ticks per second, so
  19          // SYSCLK/TIMER_PRESCALER/1000 timer ticks per millisecond.
  20          #define TIMER_TICKS_PER_MS  SYSCLK/TIMER_PRESCALER/1000
  21          
  22          // Note: LED_TOGGLE_RATE*TIMER_TICKS_PER_MS should not exceed 65535 (0xFFFF)
  23          // for the 16-bit timer
  24          
  25          #define AUX1     TIMER_TICKS_PER_MS*LED_TOGGLE_RATE
  26          #define AUX2     -AUX1
  27          #define AUX3     AUX2&0x00FF
  28          #define AUX4     ((AUX2&0xFF00)>>8)
  29          
  30          #define TIMER0_RELOAD_HIGH       AUX4  // Reload value for Timer0 high byte
  31          #define TIMER0_RELOAD_LOW        AUX3  // Reload value for Timer0 low byte
  32          
  33          
  34          sbit INT1 = P0^3; 
  35          
  36          void Delay_us(unsigned int times)
  37          {
  38   1        unsigned int i,j;
  39   1        
  40   1        for (i = 0; i< times; i++)
  41   1        {
  42   2          for (j = 0; j < 11; j++)
  43   2          {
  44   3            _nop_();
  45   3          }
  46   2        }
  47   1      }
  48          
  49          void Port_IO_Init()
  50          {
  51   1        //set P4[1] to push_pull model
  52   1          P74OUT |= 0x01;
  53   1        
  54   1        //enable crossbar
  55   1          XBR2 |= 0x40;
C51 COMPILER V9.52.0.0   KEYPHOTO                                                          04/05/2022 19:41:07 PAGE 2   

  56   1      
  57   1          //close the alam P4.1
  58   1          P4 &= 0xfd;
  59   1        
  60   1        //uart1,int1
  61   1        XBR1 |= 0x14;
  62   1        XBR2 |= 0x44;
  63   1      }
  64          
  65          void Oscillator_Init()
  66          {
  67   1          int i = 0;
  68   1          OSCXCN    = 0x67;
  69   1          for (i = 0; i < 3000; i++);  // Wait 1ms for initialization
  70   1          while ((OSCXCN & 0x80) == 0);
  71   1          OSCICN    = 0x08;
  72   1      }
  73          
  74          void Timer0_Init(void)
  75          {
  76   1        TH0 = TIMER0_RELOAD_HIGH;           // Reinit Timer0 High register
  77   1        TL0 = TIMER0_RELOAD_LOW;
  78   1        ET0 = 1;                            // Timer0 interrupt enabled
  79   1        TMOD = 0x01;                        // 16-bit Mode Timer0
  80   1        //TCON |= 0x10;                        // Timer0 ON
  81   1      }
  82          
  83          void Interrupt_Init()
  84          {
  85   1        //INT1
  86   1        //low level triggle
  87   1        IT1 = 0;
  88   1        //enable INT1
  89   1        EX1 = 1;
  90   1        //enable all interrupt
  91   1        EA = 1;
  92   1      }
  93          
  94          void Init_Device(void)
  95          {
  96   1          //disable watchdog
  97   1          EA = 0;
  98   1          WDTCN = 0xde;
  99   1          WDTCN = 0xad;
 100   1          EA = 1;
 101   1        
 102   1          Oscillator_Init();
 103   1          Port_IO_Init();
 104   1        Timer0_Init();
 105   1        
 106   1        Interrupt_Init();
 107   1        
 108   1          LcdInit();
 109   1      //  LedInit();
 110   1      }
 111          
 112          
 113          //-----------------------------------------------------------------------------
 114          // 主程序
 115          //-----------------------------------------------------------------------------
 116          
 117          //void main()
C51 COMPILER V9.52.0.0   KEYPHOTO                                                          04/05/2022 19:41:07 PAGE 3   

 118          //{ 
 119          //  Init_Device();
 120          //  
 121          //  INT1 = 1;
 122          //  
 123          //  ImageShow(xjtu_image1);
 124          
 125          //    while(1)
 126          //    {
 127          //      P5 = 0xFB;Delay_us(5);
 128          //      P5 = 0xFD;Delay_us(5);
 129          //      P5 = 0xFE;Delay_us(5);
 130          //      
 131          //    }
 132          //}
 133          
 134          void INT1_ISR(void) interrupt 2
 135          {
 136   1        Delay_ms(1);
 137   1        switch(P5)
 138   1        {
 139   2          //sub
 140   2            case 0xfb:  //  左键
 141   2            ImageShow(xjtu_image1);
 142   2            break;
 143   2            
 144   2            case 0xfd:   //  中间键
 145   2            ImageShow(xjtu_image2);
 146   2            break;  
 147   2          
 148   2            case 0xfe:    //  右键
 149   2            ImageShow(xjtu_image3);
 150   2            break;    
 151   2        }
 152   1      }
 153          
 154          
 155          
 156          
 157          
 158          


MODULE INFORMATION:   STATIC OVERLAYABLE
   CODE SIZE        =    221    ----
   CONSTANT SIZE    =   3072    ----
   XDATA SIZE       =   ----    ----
   PDATA SIZE       =   ----    ----
   DATA SIZE        =   ----    ----
   IDATA SIZE       =   ----    ----
   BIT SIZE         =   ----    ----
END OF MODULE INFORMATION.


C51 COMPILATION COMPLETE.  0 WARNING(S),  0 ERROR(S)
